-------------------------------------------------------------------------------
Test set: TestSuite
-------------------------------------------------------------------------------
Tests run: 2, Failures: 1, Errors: 0, Skipped: 0, Time elapsed: 107.498 s <<< FAILURE! - in TestSuite
feature(cucumberoptions.TestRunner)  Time elapsed: 27.271 s  <<< FAILURE!
cucumber.runtime.CucumberException: java.lang.AssertionError: expected [ArcGIS] but found [ArcGIS StoryMaps]
Caused by: java.lang.AssertionError: expected [ArcGIS] but found [ArcGIS StoryMaps]

